<?xml version="1.0" encoding="UTF-8"?>
<testsuite xmlns:xsi="http://www.w3.org/2001/XMLSchema-instance" xsi:noNamespaceSchemaLocation="https://maven.apache.org/surefire/maven-surefire-plugin/xsd/surefire-test-report-3.0.xsd" version="3.0" name="com.smartbrowser.utils.URLUtilsTest" time="0.065" tests="3" errors="0" skipped="0" failures="0">
  <properties>
[...]
</properties>
  <testcase name="testParseInput" classname="com.smartbrowser.utils.URLUtilsTest" time="0.033"/>
  <testcase name="testExtractDomain" classname="com.smartbrowser.utils.URLUtilsTest" time="0.001"/>
  <testcase name="testIsValidURL" classname="com.smartbrowser.utils.URLUtilsTest" time="0.003"/>
</testsuite>